<?xml version="1.0" encoding="UTF-8"?>
<robot generator="Robot 3.2.2 (Python 3.8.2 on win32)" generated="20210420 14:31:05.620" rpa="false">
<suite id="s1" name="HRcom1" source="C:\Users\Karim\Eclipes 2021\HRcom1">
<suite id="s1-s1" name="Test" source="C:\Users\Karim\Eclipes 2021\HRcom1\Test">
<suite id="s1-s1-s1" name="ManPowerReqTest" source="C:\Users\Karim\Eclipes 2021\HRcom1\Test\ManPowerReqTest.robot">
<kw name="Start Test" library="TestBase" type="setup">
<kw name="Open Browser" library="SeleniumLibrary">
<doc>Opens a new browser instance to the optional ``url``.</doc>
<arguments>
<arg>${URL}</arg>
<arg>${Driver}</arg>
</arguments>
<msg timestamp="20210420 14:31:05.933" level="INFO">Opening browser 'chrome' to base url 'https://vikings-company-stage.hrcom.ibtikar.sa/login'.</msg>
<status status="PASS" starttime="20210420 14:31:05.932" endtime="20210420 14:31:12.275"></status>
</kw>
<status status="PASS" starttime="20210420 14:31:05.932" endtime="20210420 14:31:12.275"></status>
</kw>
<test id="s1-s1-s1-t1" name="Create Man Power Req">
<kw name="Go To" library="SeleniumLibrary">
<doc>Navigates the current browser window to the provided ``url``.</doc>
<arguments>
<arg>https://vikings-company-stage.hrcom.ibtikar.sa/login</arg>
</arguments>
<msg timestamp="20210420 14:31:12.279" level="INFO">Opening url 'https://vikings-company-stage.hrcom.ibtikar.sa/login'</msg>
<status status="PASS" starttime="20210420 14:31:12.276" endtime="20210420 14:31:12.542"></status>
</kw>
<kw name="Sleep" library="BuiltIn">
<doc>Pauses the test executed for the given time.</doc>
<arguments>
<arg>3s</arg>
</arguments>
<msg timestamp="20210420 14:31:15.550" level="INFO">Slept 3 seconds</msg>
<status status="PASS" starttime="20210420 14:31:12.542" endtime="20210420 14:31:15.550"></status>
</kw>
<kw name="Check Login" library="LoginPage">
<arguments>
<arg>vikings@mailinator.com</arg>
<arg>Password0101</arg>
</arguments>
<kw name="Input Text" library="SeleniumLibrary">
<doc>Types the given ``text`` into the text field identified by ``locator``.</doc>
<arguments>
<arg>${Username}</arg>
<arg>${Email}</arg>
</arguments>
<msg timestamp="20210420 14:31:15.553" level="INFO">Typing text 'vikings@mailinator.com' into text field 'id:email'.</msg>
<status status="PASS" starttime="20210420 14:31:15.552" endtime="20210420 14:31:15.716"></status>
</kw>
<kw name="Input Text" library="SeleniumLibrary">
<doc>Types the given ``text`` into the text field identified by ``locator``.</doc>
<arguments>
<arg>${passwoord}</arg>
<arg>${Password}</arg>
</arguments>
<msg timestamp="20210420 14:31:15.717" level="INFO">Typing text 'Password0101' into text field 'id:password'.</msg>
<status status="PASS" starttime="20210420 14:31:15.716" endtime="20210420 14:31:15.829"></status>
</kw>
<kw name="Click Button" library="SeleniumLibrary">
<doc>Clicks the button identified by ``locator``.</doc>
<arguments>
<arg>${Login_Button}</arg>
</arguments>
<msg timestamp="20210420 14:31:15.829" level="INFO">Clicking button 'css:div#root&gt;div&gt;div&gt;div&gt;form&gt;div:nth-of-type(3)&gt;button'.</msg>
<status status="PASS" starttime="20210420 14:31:15.829" endtime="20210420 14:31:15.902"></status>
</kw>
<status status="PASS" starttime="20210420 14:31:15.551" endtime="20210420 14:31:15.902"></status>
</kw>
<kw name="Sleep" library="BuiltIn">
<doc>Pauses the test executed for the given time.</doc>
<arguments>
<arg>3s</arg>
</arguments>
<msg timestamp="20210420 14:31:18.902" level="INFO">Slept 3 seconds</msg>
<status status="PASS" starttime="20210420 14:31:15.902" endtime="20210420 14:31:18.903"></status>
</kw>
<kw name="Create Man power" library="ManPowerRequest">
<arguments>
<arg>10</arg>
</arguments>
<kw name="Click Element" library="SeleniumLibrary">
<doc>Click the element identified by ``locator``.</doc>
<arguments>
<arg>${ManPowerReqButton}</arg>
</arguments>
<msg timestamp="20210420 14:31:18.905" level="INFO">Clicking element 'xpath:/html/body/div/div/div[1]/nav/div[1]'.</msg>
<status status="PASS" starttime="20210420 14:31:18.905" endtime="20210420 14:31:18.972"></status>
</kw>
<kw name="Wait Until Page Contains Element" library="SeleniumLibrary">
<doc>Waits until the element ``locator`` appears on the current page.</doc>
<arguments>
<arg>${CreateNewReqBut}</arg>
</arguments>
<status status="PASS" starttime="20210420 14:31:18.972" endtime="20210420 14:31:18.986"></status>
</kw>
<kw name="Click Element" library="SeleniumLibrary">
<doc>Click the element identified by ``locator``.</doc>
<arguments>
<arg>${CreateNewReqBut}</arg>
</arguments>
<msg timestamp="20210420 14:31:18.987" level="INFO">Clicking element 'xpath://*[@id="mySidenav"]/nav/div[2]/div/div/div/a/div'.</msg>
<status status="PASS" starttime="20210420 14:31:18.986" endtime="20210420 14:31:19.059"></status>
</kw>
<kw name="Wait Until Page Contains Element" library="SeleniumLibrary">
<doc>Waits until the element ``locator`` appears on the current page.</doc>
<arguments>
<arg>${Job_Title}</arg>
</arguments>
<status status="PASS" starttime="20210420 14:31:19.059" endtime="20210420 14:31:19.718"></status>
</kw>
<kw name="Click Element" library="SeleniumLibrary">
<doc>Click the element identified by ``locator``.</doc>
<arguments>
<arg>${Job_Title}</arg>
</arguments>
<msg timestamp="20210420 14:31:19.719" level="INFO">Clicking element 'xpath:/html/body/div/div/div[2]/div[2]/div[2]/div/form/div[1]/div[1]/div[1]/div/div/div/div'.</msg>
<status status="PASS" starttime="20210420 14:31:19.719" endtime="20210420 14:31:19.781"></status>
</kw>
<kw name="Click Element" library="SeleniumLibrary">
<doc>Click the element identified by ``locator``.</doc>
<arguments>
<arg>${Job_ID}</arg>
</arguments>
<msg timestamp="20210420 14:31:19.782" level="INFO">Clicking element 'id:job_title_id-option-0'.</msg>
<status status="PASS" starttime="20210420 14:31:19.782" endtime="20210420 14:31:19.875"></status>
</kw>
<kw name="Click Element" library="SeleniumLibrary">
<doc>Click the element identified by ``locator``.</doc>
<arguments>
<arg>${Salary_Grid}</arg>
</arguments>
<msg timestamp="20210420 14:31:19.877" level="INFO">Clicking element 'xpath://*[@id="main"]/div[2]/div[2]/div/form/div[1]/div[1]/div[2]/div[1]/div/div/div'.</msg>
<kw name="Capture Page Screenshot" library="SeleniumLibrary">
<doc>Takes a screenshot of the current page and embeds it into a log file.</doc>
<msg timestamp="20210420 14:31:21.277" level="INFO" html="yes">&lt;/td&gt;&lt;/tr&gt;&lt;tr&gt;&lt;td colspan="3"&gt;&lt;a href="selenium-screenshot-1.png"&gt;&lt;img src="selenium-screenshot-1.png" width="800px"&gt;&lt;/a&gt;</msg>
<status status="PASS" starttime="20210420 14:31:20.997" endtime="20210420 14:31:21.277"></status>
</kw>
<msg timestamp="20210420 14:31:21.295" level="FAIL">ElementClickInterceptedException: Message: element click intercepted: Element &lt;div class="MuiInputBase-root MuiOutlinedInput-root MuiAutocomplete-inputRoot MuiInputBase-fullWidth MuiInputBase-formControl MuiInputBase-adornedEnd MuiOutlinedInput-adornedEnd"&gt;...&lt;/div&gt; is not clickable at point (593, 543). Other element would receive the click: &lt;div class="d-flex justify-content-between align-items-center"&gt;...&lt;/div&gt;
  (Session info: chrome=89.0.4389.128)
</msg>
<status status="FAIL" starttime="20210420 14:31:19.876" endtime="20210420 14:31:21.295"></status>
</kw>
<status status="FAIL" starttime="20210420 14:31:18.904" endtime="20210420 14:31:21.296"></status>
</kw>
<status status="FAIL" starttime="20210420 14:31:12.275" endtime="20210420 14:31:21.296" critical="yes">ElementClickInterceptedException: Message: element click intercepted: Element &lt;div class="MuiInputBase-root MuiOutlinedInput-root MuiAutocomplete-inputRoot MuiInputBase-fullWidth MuiInputBase-formControl MuiInputBase-adornedEnd MuiOutlinedInput-adornedEnd"&gt;...&lt;/div&gt; is not clickable at point (593, 543). Other element would receive the click: &lt;div class="d-flex justify-content-between align-items-center"&gt;...&lt;/div&gt;
  (Session info: chrome=89.0.4389.128)
</status>
</test>
<status status="FAIL" starttime="20210420 14:31:05.722" endtime="20210420 14:31:21.297"></status>
</suite>
<status status="FAIL" starttime="20210420 14:31:05.719" endtime="20210420 14:31:21.298"></status>
</suite>
<status status="FAIL" starttime="20210420 14:31:05.700" endtime="20210420 14:31:21.300"></status>
</suite>
<statistics>
<total>
<stat pass="0" fail="1">Critical Tests</stat>
<stat pass="0" fail="1">All Tests</stat>
</total>
<tag>
</tag>
<suite>
<stat pass="0" fail="1" id="s1" name="HRcom1">HRcom1</stat>
<stat pass="0" fail="1" id="s1-s1" name="Test">HRcom1.Test</stat>
<stat pass="0" fail="1" id="s1-s1-s1" name="ManPowerReqTest">HRcom1.Test.ManPowerReqTest</stat>
</suite>
</statistics>
<errors>
</errors>
</robot>
